#
# There is insufficient memory for the Java Runtime Environment to continue.
# Native memory allocation (malloc) failed to allocate 32744 bytes for ChunkPool::allocate
# Possible reasons:
#   The system is out of physical RAM or swap space
#   The process is running with CompressedOops enabled, and the Java Heap may be blocking the growth of the native heap
# Possible solutions:
#   Reduce memory load on the system
#   Increase physical memory or swap space
#   Check if swap backing store is full
#   Decrease Java heap size (-Xmx/-Xms)
#   Decrease number of Java threads
#   Decrease Java thread stack sizes (-Xss)
#   Set larger code cache with -XX:ReservedCodeCacheSize=
#   JVM is running with Unscaled Compressed Oops mode in which the Java heap is
#     placed in the first 4GB address space. The Java Heap base address is the
#     maximum limit for the native heap growth. Please use -XX:HeapBaseMinAddress
#     to set the Java Heap base and to place the Java Heap above 4GB virtual address.
# This output file may be truncated or incomplete.
#
#  Out of Memory Error (arena.cpp:79), pid=6424, tid=11216
#
# JRE version: Java(TM) SE Runtime Environment (16.0.1+9) (build 16.0.1+9-24)
# Java VM: Java HotSpot(TM) 64-Bit Server VM (16.0.1+9-24, mixed mode, sharing, tiered, compressed oops, compressed class ptrs, g1 gc, windows-amd64)
# No core dump will be written. Minidumps are not enabled by default on client versions of Windows
#

---------------  S U M M A R Y ------------

Command Line: -Dfile.encoding=UTF-8 -XX:+ShowCodeDetailsInExceptionMessages tunel.tunel.TunelApplication

Host: Intel(R) Core(TM) i5-8250U CPU @ 1.60GHz, 8 cores, 3G,  Windows 10 , 64 bit Build 19041 (10.0.19041.1023)
Time: Mon Aug  9 00:48:24 2021 Türkiye Standart Saati elapsed time: 189.059555 seconds (0d 0h 3m 9s)

---------------  T H R E A D  ---------------

Current thread (0x00000224ffbe5fe0):  JavaThread "C2 CompilerThread0" daemon [_thread_in_native, id=11216, stack(0x0000002ee2800000,0x0000002ee2900000)]


Current CompileTask:
C2: 189060 7937       4       org.springframework.boot.devtools.filewatch.DirectorySnapshot::collectFiles (99 bytes)

Stack: [0x0000002ee2800000,0x0000002ee2900000]
Native frames: (J=compiled Java code, j=interpreted, Vv=VM code, C=native code)
V  [jvm.dll+0x6687ca]
V  [jvm.dll+0x7ca3c9]
V  [jvm.dll+0x7cbb53]
V  [jvm.dll+0x7cc1b3]
V  [jvm.dll+0x242ea5]
V  [jvm.dll+0xae25f]
V  [jvm.dll+0xae5ac]
V  [jvm.dll+0x3602dc]
V  [jvm.dll+0x558758]
V  [jvm.dll+0x557770]
V  [jvm.dll+0x558373]
V  [jvm.dll+0x325400]
V  [jvm.dll+0x32487a]
V  [jvm.dll+0x215f3c]
V  [jvm.dll+0x215350]
V  [jvm.dll+0x1a1d9b]
V  [jvm.dll+0x2253a8]
V  [jvm.dll+0x2233ec]
V  [jvm.dll+0x780002]
V  [jvm.dll+0x779b4a]
V  [jvm.dll+0x667666]
C  [ucrtbase.dll+0x21bb2]
C  [KERNEL32.DLL+0x17034]
C  [ntdll.dll+0x52651]


---------------  P R O C E S S  ---------------

Threads class SMR info:
_java_thread_list=0x000002249dc06d40, length=30, elements={
0x00000224faec5800, 0x00000224faec63d0, 0x00000224faed5fd0, 0x00000224faed78f0,
0x00000224faed9210, 0x00000224faedb140, 0x00000224ffbe5fe0, 0x00000224faedea60,
0x00000224ffbe8b80, 0x0000022499063cc0, 0x00000224990673f0, 0x00000224998ebf90,
0x000002249d87a540, 0x000002249d87bfd0, 0x000002249d879000, 0x000002249d87e500,
0x000002249d87f4f0, 0x000002249d87dfb0, 0x000002249d87b530, 0x000002249d87ba80,
0x000002249d879aa0, 0x000002249d879550, 0x000002249d878ab0, 0x000002249d879ff0,
0x000002249d87aa90, 0x000002249d87afe0, 0x000002249d87efa0, 0x000002249d87da60,
0x000002249d87ea50, 0x000002249d87c520
}

Java Threads: ( => current thread )
  0x00000224faec5800 JavaThread "Reference Handler" daemon [_thread_blocked, id=7980, stack(0x0000002ee2200000,0x0000002ee2300000)]
  0x00000224faec63d0 JavaThread "Finalizer" daemon [_thread_blocked, id=8288, stack(0x0000002ee2300000,0x0000002ee2400000)]
  0x00000224faed5fd0 JavaThread "Signal Dispatcher" daemon [_thread_blocked, id=6456, stack(0x0000002ee2400000,0x0000002ee2500000)]
  0x00000224faed78f0 JavaThread "Attach Listener" daemon [_thread_blocked, id=8320, stack(0x0000002ee2500000,0x0000002ee2600000)]
  0x00000224faed9210 JavaThread "Service Thread" daemon [_thread_blocked, id=8480, stack(0x0000002ee2600000,0x0000002ee2700000)]
  0x00000224faedb140 JavaThread "Monitor Deflation Thread" daemon [_thread_blocked, id=6936, stack(0x0000002ee2700000,0x0000002ee2800000)]
=>0x00000224ffbe5fe0 JavaThread "C2 CompilerThread0" daemon [_thread_in_native, id=11216, stack(0x0000002ee2800000,0x0000002ee2900000)]
  0x00000224faedea60 JavaThread "C1 CompilerThread0" daemon [_thread_blocked, id=8780, stack(0x0000002ee2900000,0x0000002ee2a00000)]
  0x00000224ffbe8b80 JavaThread "Sweeper thread" daemon [_thread_blocked, id=10168, stack(0x0000002ee2a00000,0x0000002ee2b00000)]
  0x0000022499063cc0 JavaThread "Notification Thread" daemon [_thread_blocked, id=8632, stack(0x0000002ee2b00000,0x0000002ee2c00000)]
  0x00000224990673f0 JavaThread "Common-Cleaner" daemon [_thread_blocked, id=11796, stack(0x0000002ee2d00000,0x0000002ee2e00000)]
  0x00000224998ebf90 JavaThread "Catalina-utility-1" [_thread_blocked, id=9532, stack(0x0000002ee3900000,0x0000002ee3a00000)]
  0x000002249d87a540 JavaThread "Catalina-utility-2" [_thread_blocked, id=4076, stack(0x0000002ee3a00000,0x0000002ee3b00000)]
  0x000002249d87bfd0 JavaThread "container-0" [_thread_blocked, id=11064, stack(0x0000002ee3b00000,0x0000002ee3c00000)]
  0x000002249d879000 JavaThread "HikariPool-1 housekeeper" daemon [_thread_blocked, id=13384, stack(0x0000002ee2e00000,0x0000002ee2f00000)]
  0x000002249d87e500 JavaThread "Live Reload Server" daemon [_thread_in_native, id=11656, stack(0x0000002ee3e00000,0x0000002ee3f00000)]
  0x000002249d87f4f0 JavaThread "File Watcher" daemon [_thread_blocked, id=5428, stack(0x0000002ee3d00000,0x0000002ee3e00000)]
  0x000002249d87dfb0 JavaThread "http-nio-8080-exec-1" daemon [_thread_blocked, id=9680, stack(0x0000002ee3f00000,0x0000002ee4000000)]
  0x000002249d87b530 JavaThread "http-nio-8080-exec-2" daemon [_thread_blocked, id=13192, stack(0x0000002ee4000000,0x0000002ee4100000)]
  0x000002249d87ba80 JavaThread "http-nio-8080-exec-3" daemon [_thread_blocked, id=1472, stack(0x0000002ee4100000,0x0000002ee4200000)]
  0x000002249d879aa0 JavaThread "http-nio-8080-exec-4" daemon [_thread_blocked, id=1204, stack(0x0000002ee4200000,0x0000002ee4300000)]
  0x000002249d879550 JavaThread "http-nio-8080-exec-5" daemon [_thread_blocked, id=4684, stack(0x0000002ee4300000,0x0000002ee4400000)]
  0x000002249d878ab0 JavaThread "http-nio-8080-exec-6" daemon [_thread_blocked, id=11824, stack(0x0000002ee4400000,0x0000002ee4500000)]
  0x000002249d879ff0 JavaThread "http-nio-8080-exec-7" daemon [_thread_blocked, id=4452, stack(0x0000002ee4500000,0x0000002ee4600000)]
  0x000002249d87aa90 JavaThread "http-nio-8080-exec-8" daemon [_thread_blocked, id=7060, stack(0x0000002ee4600000,0x0000002ee4700000)]
  0x000002249d87afe0 JavaThread "http-nio-8080-exec-9" daemon [_thread_blocked, id=11128, stack(0x0000002ee4700000,0x0000002ee4800000)]
  0x000002249d87efa0 JavaThread "http-nio-8080-exec-10" daemon [_thread_blocked, id=6124, stack(0x0000002ee4800000,0x0000002ee4900000)]
  0x000002249d87da60 JavaThread "http-nio-8080-Poller" daemon [_thread_in_native, id=12188, stack(0x0000002ee4900000,0x0000002ee4a00000)]
  0x000002249d87ea50 JavaThread "http-nio-8080-Acceptor" daemon [_thread_in_native, id=11940, stack(0x0000002ee4a00000,0x0000002ee4b00000)]
  0x000002249d87c520 JavaThread "DestroyJavaVM" [_thread_blocked, id=8400, stack(0x0000002ee1b00000,0x0000002ee1c00000)]

Other Threads:
  0x00000224faec1da0 VMThread "VM Thread" [stack: 0x0000002ee2100000,0x0000002ee2200000] [id=5824]
  0x0000022499066330 WatcherThread [stack: 0x0000002ee2c00000,0x0000002ee2d00000] [id=5168]
  0x00000224fae39fb0 GCTaskThread "GC Thread#0" [stack: 0x0000002ee1c00000,0x0000002ee1d00000] [id=13836]
  0x000002249982f130 GCTaskThread "GC Thread#1" [stack: 0x0000002ee2f00000,0x0000002ee3000000] [id=1924]
  0x0000022499b55d50 GCTaskThread "GC Thread#2" [stack: 0x0000002ee3000000,0x0000002ee3100000] [id=6760]
  0x0000022499b52c80 GCTaskThread "GC Thread#3" [stack: 0x0000002ee3100000,0x0000002ee3200000] [id=7420]
  0x0000022499b52f90 GCTaskThread "GC Thread#4" [stack: 0x0000002ee3200000,0x0000002ee3300000] [id=12336]
  0x0000022499b536b0 GCTaskThread "GC Thread#5" [stack: 0x0000002ee3300000,0x0000002ee3400000] [id=13352]
  0x0000022499fcfce0 GCTaskThread "GC Thread#6" [stack: 0x0000002ee3600000,0x0000002ee3700000] [id=11624]
  0x000002249bfffbb0 GCTaskThread "GC Thread#7" [stack: 0x0000002ee3800000,0x0000002ee3900000] [id=12644]
  0x00000224fae42c10 ConcurrentGCThread "G1 Main Marker" [stack: 0x0000002ee1d00000,0x0000002ee1e00000] [id=3508]
  0x00000224fae44140 ConcurrentGCThread "G1 Conc#0" [stack: 0x0000002ee1e00000,0x0000002ee1f00000] [id=11276]
  0x000002249ab3f280 ConcurrentGCThread "G1 Conc#1" [stack: 0x0000002ee3700000,0x0000002ee3800000] [id=9684]
  0x00000224fae94150 ConcurrentGCThread "G1 Refine#0" [stack: 0x0000002ee1f00000,0x0000002ee2000000] [id=9776]
  0x00000224fae949e0 ConcurrentGCThread "G1 Service" [stack: 0x0000002ee2000000,0x0000002ee2100000] [id=14032]

Threads with active compile tasks:
C2 CompilerThread0   189217 7937       4       org.springframework.boot.devtools.filewatch.DirectorySnapshot::collectFiles (99 bytes)

VM state: not at safepoint (normal execution)

VM Mutex/Monitor currently owned by a thread: None

Heap address: 0x00000000c9000000, size: 880 MB, Compressed Oops mode: 32-bit

CDS archive(s) mapped at: [0x0000000800000000-0x0000000800bb0000-0x0000000800bb0000), size 12255232, SharedBaseAddress: 0x0000000800000000, ArchiveRelocationMode: 0.
Compressed class space mapped at: 0x0000000800c00000-0x0000000840c00000, reserved size: 1073741824
Narrow klass base: 0x0000000800000000, Narrow klass shift: 3, Narrow klass range: 0x100000000

GC Precious Log:
 CPUs: 8 total, 8 available
 Memory: 3519M
 Large Page Support: Disabled
 NUMA Support: Disabled
 Compressed Oops: Enabled (32-bit)
 Heap Region Size: 1M
 Heap Min Capacity: 8M
 Heap Initial Capacity: 56M
 Heap Max Capacity: 880M
 Pre-touch: Disabled
 Parallel Workers: 8
 Concurrent Workers: 2
 Concurrent Refinement Workers: 8
 Periodic GC: Disabled

Heap:
 garbage-first heap   total 71680K, used 34040K [0x00000000c9000000, 0x0000000100000000)
  region size 1024K, 6 young (6144K), 4 survivors (4096K)
 Metaspace       used 61917K, committed 62464K, reserved 1105920K
  class space    used 8164K, committed 8448K, reserved 1048576K

Heap Regions: E=young(eden), S=young(survivor), O=old, HS=humongous(starts), HC=humongous(continues), CS=collection set, F=free, OA=open archive, CA=closed archive, TAMS=top-at-mark-start (previous, next)
|   0|0x00000000c9000000, 0x00000000c9100000, 0x00000000c9100000|100%|HS|  |TAMS 0x00000000c9100000, 0x00000000c9000000| Complete 
|   1|0x00000000c9100000, 0x00000000c9200000, 0x00000000c9200000|100%| O|  |TAMS 0x00000000c9200000, 0x00000000c9100000| Untracked 
|   2|0x00000000c9200000, 0x00000000c9300000, 0x00000000c9300000|100%| O|  |TAMS 0x00000000c9300000, 0x00000000c9200000| Untracked 
|   3|0x00000000c9300000, 0x00000000c9400000, 0x00000000c9400000|100%| O|  |TAMS 0x00000000c9400000, 0x00000000c9300000| Untracked 
|   4|0x00000000c9400000, 0x00000000c9500000, 0x00000000c9500000|100%| O|  |TAMS 0x00000000c9500000, 0x00000000c9400000| Untracked 
|   5|0x00000000c9500000, 0x00000000c9600000, 0x00000000c9600000|100%| O|  |TAMS 0x00000000c9600000, 0x00000000c9500000| Untracked 
|   6|0x00000000c9600000, 0x00000000c9700000, 0x00000000c9700000|100%| O|  |TAMS 0x00000000c9700000, 0x00000000c9600000| Untracked 
|   7|0x00000000c9700000, 0x00000000c9800000, 0x00000000c9800000|100%| O|  |TAMS 0x00000000c9800000, 0x00000000c9700000| Untracked 
|   8|0x00000000c9800000, 0x00000000c9900000, 0x00000000c9900000|100%| O|  |TAMS 0x00000000c9900000, 0x00000000c9800000| Untracked 
|   9|0x00000000c9900000, 0x00000000c9a00000, 0x00000000c9a00000|100%| O|  |TAMS 0x00000000c9a00000, 0x00000000c9900000| Untracked 
|  10|0x00000000c9a00000, 0x00000000c9b00000, 0x00000000c9b00000|100%| O|  |TAMS 0x00000000c9b00000, 0x00000000c9a00000| Untracked 
|  11|0x00000000c9b00000, 0x00000000c9c00000, 0x00000000c9c00000|100%| O|  |TAMS 0x00000000c9c00000, 0x00000000c9b00000| Untracked 
|  12|0x00000000c9c00000, 0x00000000c9d00000, 0x00000000c9d00000|100%| O|  |TAMS 0x00000000c9d00000, 0x00000000c9c00000| Untracked 
|  13|0x00000000c9d00000, 0x00000000c9e00000, 0x00000000c9e00000|100%| O|  |TAMS 0x00000000c9e00000, 0x00000000c9d00000| Untracked 
|  14|0x00000000c9e00000, 0x00000000c9f00000, 0x00000000c9f00000|100%| O|  |TAMS 0x00000000c9f00000, 0x00000000c9e00000| Untracked 
|  15|0x00000000c9f00000, 0x00000000ca000000, 0x00000000ca000000|100%| O|  |TAMS 0x00000000ca000000, 0x00000000c9f00000| Untracked 
|  16|0x00000000ca000000, 0x00000000ca100000, 0x00000000ca100000|100%| O|  |TAMS 0x00000000ca100000, 0x00000000ca000000| Untracked 
|  17|0x00000000ca100000, 0x00000000ca132600, 0x00000000ca200000| 19%| O|  |TAMS 0x00000000ca132600, 0x00000000ca100000| Untracked 
|  18|0x00000000ca200000, 0x00000000ca300000, 0x00000000ca300000|100%| O|  |TAMS 0x00000000ca300000, 0x00000000ca200000| Untracked 
|  19|0x00000000ca300000, 0x00000000ca400000, 0x00000000ca400000|100%| O|  |TAMS 0x00000000ca400000, 0x00000000ca300000| Untracked 
|  20|0x00000000ca400000, 0x00000000ca500000, 0x00000000ca500000|100%| O|  |TAMS 0x00000000ca500000, 0x00000000ca400000| Untracked 
|  21|0x00000000ca500000, 0x00000000ca600000, 0x00000000ca600000|100%| O|  |TAMS 0x00000000ca600000, 0x00000000ca500000| Untracked 
|  22|0x00000000ca600000, 0x00000000ca700000, 0x00000000ca700000|100%| O|  |TAMS 0x00000000ca700000, 0x00000000ca600000| Untracked 
|  23|0x00000000ca700000, 0x00000000ca800000, 0x00000000ca800000|100%| O|  |TAMS 0x00000000ca800000, 0x00000000ca700000| Untracked 
|  24|0x00000000ca800000, 0x00000000ca900000, 0x00000000ca900000|100%| O|  |TAMS 0x00000000ca81de00, 0x00000000ca800000| Untracked 
|  25|0x00000000ca900000, 0x00000000caa00000, 0x00000000caa00000|100%| O|  |TAMS 0x00000000ca900000, 0x00000000ca900000| Untracked 
|  26|0x00000000caa00000, 0x00000000cab00000, 0x00000000cab00000|100%| O|  |TAMS 0x00000000caa00000, 0x00000000caa00000| Untracked 
|  27|0x00000000cab00000, 0x00000000cac00000, 0x00000000cac00000|100%| O|  |TAMS 0x00000000cab00000, 0x00000000cab00000| Untracked 
|  28|0x00000000cac00000, 0x00000000cad00000, 0x00000000cad00000|100%| O|  |TAMS 0x00000000cad00000, 0x00000000cac00000| Untracked 
|  29|0x00000000cad00000, 0x00000000cadd4800, 0x00000000cae00000| 83%| O|  |TAMS 0x00000000cad00000, 0x00000000cad00000| Untracked 
|  30|0x00000000cae00000, 0x00000000cae00000, 0x00000000caf00000|  0%| F|  |TAMS 0x00000000cae00000, 0x00000000cae00000| Untracked 
|  31|0x00000000caf00000, 0x00000000caf00000, 0x00000000cb000000|  0%| F|  |TAMS 0x00000000caf00000, 0x00000000caf00000| Untracked 
|  32|0x00000000cb000000, 0x00000000cb000000, 0x00000000cb100000|  0%| F|  |TAMS 0x00000000cb000000, 0x00000000cb000000| Untracked 
|  33|0x00000000cb100000, 0x00000000cb100000, 0x00000000cb200000|  0%| F|  |TAMS 0x00000000cb100000, 0x00000000cb100000| Untracked 
|  34|0x00000000cb200000, 0x00000000cb200000, 0x00000000cb300000|  0%| F|  |TAMS 0x00000000cb200000, 0x00000000cb200000| Untracked 
|  35|0x00000000cb300000, 0x00000000cb300000, 0x00000000cb400000|  0%| F|  |TAMS 0x00000000cb300000, 0x00000000cb300000| Untracked 
|  36|0x00000000cb400000, 0x00000000cb400000, 0x00000000cb500000|  0%| F|  |TAMS 0x00000000cb400000, 0x00000000cb400000| Untracked 
|  37|0x00000000cb500000, 0x00000000cb500000, 0x00000000cb600000|  0%| F|  |TAMS 0x00000000cb500000, 0x00000000cb500000| Untracked 
|  38|0x00000000cb600000, 0x00000000cb6372f0, 0x00000000cb700000| 21%| S|CS|TAMS 0x00000000cb600000, 0x00000000cb600000| Complete 
|  39|0x00000000cb700000, 0x00000000cb800000, 0x00000000cb800000|100%| S|CS|TAMS 0x00000000cb700000, 0x00000000cb700000| Complete 
|  40|0x00000000cb800000, 0x00000000cb900000, 0x00000000cb900000|100%| S|CS|TAMS 0x00000000cb800000, 0x00000000cb800000| Complete 
|  41|0x00000000cb900000, 0x00000000cba00000, 0x00000000cba00000|100%| S|CS|TAMS 0x00000000cb900000, 0x00000000cb900000| Complete 
|  42|0x00000000cba00000, 0x00000000cba00000, 0x00000000cbb00000|  0%| F|  |TAMS 0x00000000cba00000, 0x00000000cba00000| Untracked 
|  43|0x00000000cbb00000, 0x00000000cbb00000, 0x00000000cbc00000|  0%| F|  |TAMS 0x00000000cbb00000, 0x00000000cbb00000| Untracked 
|  44|0x00000000cbc00000, 0x00000000cbc00000, 0x00000000cbd00000|  0%| F|  |TAMS 0x00000000cbc00000, 0x00000000cbc00000| Untracked 
|  45|0x00000000cbd00000, 0x00000000cbd00000, 0x00000000cbe00000|  0%| F|  |TAMS 0x00000000cbd00000, 0x00000000cbd00000| Untracked 
|  46|0x00000000cbe00000, 0x00000000cbe00000, 0x00000000cbf00000|  0%| F|  |TAMS 0x00000000cbe00000, 0x00000000cbe00000| Untracked 
|  47|0x00000000cbf00000, 0x00000000cbf00000, 0x00000000cc000000|  0%| F|  |TAMS 0x00000000cbf00000, 0x00000000cbf00000| Untracked 
|  48|0x00000000cc000000, 0x00000000cc000000, 0x00000000cc100000|  0%| F|  |TAMS 0x00000000cc000000, 0x00000000cc000000| Untracked 
|  49|0x00000000cc100000, 0x00000000cc100000, 0x00000000cc200000|  0%| F|  |TAMS 0x00000000cc100000, 0x00000000cc100000| Untracked 
|  50|0x00000000cc200000, 0x00000000cc200000, 0x00000000cc300000|  0%| F|  |TAMS 0x00000000cc200000, 0x00000000cc200000| Untracked 
|  51|0x00000000cc300000, 0x00000000cc300000, 0x00000000cc400000|  0%| F|  |TAMS 0x00000000cc300000, 0x00000000cc300000| Untracked 
|  52|0x00000000cc400000, 0x00000000cc400000, 0x00000000cc500000|  0%| F|  |TAMS 0x00000000cc400000, 0x00000000cc400000| Untracked 
|  53|0x00000000cc500000, 0x00000000cc500000, 0x00000000cc600000|  0%| F|  |TAMS 0x00000000cc500000, 0x00000000cc500000| Untracked 
|  54|0x00000000cc600000, 0x00000000cc600000, 0x00000000cc700000|  0%| F|  |TAMS 0x00000000cc600000, 0x00000000cc600000| Untracked 
|  55|0x00000000cc700000, 0x00000000cc700000, 0x00000000cc800000|  0%| F|  |TAMS 0x00000000cc700000, 0x00000000cc700000| Untracked 
|  56|0x00000000cc800000, 0x00000000cc800000, 0x00000000cc900000|  0%| F|  |TAMS 0x00000000cc800000, 0x00000000cc800000| Untracked 
|  57|0x00000000cc900000, 0x00000000cc900000, 0x00000000cca00000|  0%| F|  |TAMS 0x00000000cc900000, 0x00000000cc900000| Untracked 
|  58|0x00000000cca00000, 0x00000000cca00000, 0x00000000ccb00000|  0%| F|  |TAMS 0x00000000cca00000, 0x00000000cca00000| Untracked 
|  59|0x00000000ccb00000, 0x00000000ccb00000, 0x00000000ccc00000|  0%| F|  |TAMS 0x00000000ccb00000, 0x00000000ccb00000| Untracked 
|  60|0x00000000ccc00000, 0x00000000ccc00000, 0x00000000ccd00000|  0%| F|  |TAMS 0x00000000ccc00000, 0x00000000ccc00000| Untracked 
|  61|0x00000000ccd00000, 0x00000000ccd00000, 0x00000000cce00000|  0%| F|  |TAMS 0x00000000ccd00000, 0x00000000ccd00000| Untracked 
|  62|0x00000000cce00000, 0x00000000cce00000, 0x00000000ccf00000|  0%| F|  |TAMS 0x00000000cce00000, 0x00000000cce00000| Untracked 
|  63|0x00000000ccf00000, 0x00000000ccf00000, 0x00000000cd000000|  0%| F|  |TAMS 0x00000000ccf00000, 0x00000000ccf00000| Untracked 
|  64|0x00000000cd000000, 0x00000000cd000000, 0x00000000cd100000|  0%| F|  |TAMS 0x00000000cd000000, 0x00000000cd000000| Untracked 
|  65|0x00000000cd100000, 0x00000000cd100000, 0x00000000cd200000|  0%| F|  |TAMS 0x00000000cd100000, 0x00000000cd100000| Untracked 
|  66|0x00000000cd200000, 0x00000000cd200000, 0x00000000cd300000|  0%| F|  |TAMS 0x00000000cd200000, 0x00000000cd200000| Untracked 
|  99|0x00000000cf300000, 0x00000000cf300000, 0x00000000cf400000|  0%| F|  |TAMS 0x00000000cf300000, 0x00000000cf300000| Untracked 
| 100|0x00000000cf400000, 0x00000000cf463428, 0x00000000cf500000| 38%| E|  |TAMS 0x00000000cf400000, 0x00000000cf400000| Complete 
| 111|0x00000000cff00000, 0x00000000d0000000, 0x00000000d0000000|100%| E|CS|TAMS 0x00000000cff00000, 0x00000000cff00000| Complete 

Card table byte_map: [0x00000224fd340000,0x00000224fd500000] _byte_map_base: 0x00000224fccf8000

Marking Bits (Prev, Next): (CMBitMap*) 0x00000224fae3b480, (CMBitMap*) 0x00000224fae3b440
 Prev Bits: [0x00000224fe480000, 0x00000224ff240000)
 Next Bits: [0x00000224fd6c0000, 0x00000224fe480000)

Polling page: 0x00000224faee0000

Metaspace:

Usage:
  Non-class:     52.49 MB used.
      Class:      7.97 MB used.
       Both:     60.47 MB used.

Virtual space:
  Non-class space:       56.00 MB reserved,      52.75 MB ( 94%) committed,  7 nodes.
      Class space:        1.00 GB reserved,       8.25 MB ( <1%) committed,  1 nodes.
              Both:        1.05 GB reserved,      61.00 MB (  6%) committed. 

Chunk freelists:
   Non-Class:  2.88 MB
       Class:  3.69 MB
        Both:  6.56 MB

MaxMetaspaceSize: 17179869184.00 GB
CompressedClassSpaceSize: 1.00 GB
 - commit_granule_bytes: 65536.
 - commit_granule_words: 8192.
 - virtual_space_node_default_size: 1048576.
 - enlarge_chunks_in_place: 1.
 - new_chunks_are_fully_committed: 0.
 - uncommit_free_chunks: 1.
 - use_allocation_guard: 0.
 - handle_deallocations: 1.


Internal statistics:

num_allocs_failed_limit: 9.
num_arena_births: 710.
num_arena_deaths: 0.
num_vsnodes_births: 8.
num_vsnodes_deaths: 0.
num_space_committed: 976.
num_space_uncommitted: 0.
num_chunks_returned_to_freelist: 9.
num_chunks_taken_from_freelist: 2999.
num_chunk_merges: 6.
num_chunk_splits: 2076.
num_chunks_enlarged: 1556.
num_purges: 0.

CodeHeap 'non-profiled nmethods': size=120000Kb used=3760Kb max_used=3760Kb free=116239Kb
 bounds [0x000002248f170000, 0x000002248f520000, 0x00000224966a0000]
CodeHeap 'profiled nmethods': size=120000Kb used=12793Kb max_used=12793Kb free=107206Kb
 bounds [0x0000022487c40000, 0x00000224888c0000, 0x000002248f170000]
CodeHeap 'non-nmethods': size=5760Kb used=1321Kb max_used=1403Kb free=4438Kb
 bounds [0x00000224876a0000, 0x0000022487910000, 0x0000022487c40000]
 total_blobs=7674 nmethods=7035 adapters=550
 compilation: enabled
              stopped_count=0, restarted_count=0
 full_count=0

Compilation events (20 events):
Event: 177.250 Thread 0x00000224faedea60 nmethod 7927 0x00000224888bc810 code [0x00000224888bc9c0, 0x00000224888bcb38]
Event: 179.530 Thread 0x00000224ffbe5fe0 7928       4       jdk.internal.misc.InnocuousThread::eraseThreadLocals (23 bytes)
Event: 179.533 Thread 0x00000224ffbe5fe0 nmethod 7928 0x000002248f51a710 code [0x000002248f51a880, 0x000002248f51a9b8]
Event: 179.533 Thread 0x00000224ffbe5fe0 7929       4       jdk.internal.ref.PhantomCleanable::clean (16 bytes)
Event: 179.556 Thread 0x00000224ffbe5fe0 nmethod 7929 0x000002248f51aa10 code [0x000002248f51abc0, 0x000002248f51b228]
Event: 184.179 Thread 0x00000224faedea60 7930       3       java.util.concurrent.ThreadPoolExecutor$Worker::lock (6 bytes)
Event: 184.180 Thread 0x00000224faedea60 nmethod 7930 0x00000224888bcc10 code [0x00000224888bcdc0, 0x00000224888bcf08]
Event: 184.180 Thread 0x00000224faedea60 7931       3       java.util.concurrent.ThreadPoolExecutor$Worker::tryAcquire (20 bytes)
Event: 184.180 Thread 0x00000224faedea60 nmethod 7931 0x00000224888bcf90 code [0x00000224888bd140, 0x00000224888bd388]
Event: 184.180 Thread 0x00000224faedea60 7932       3       java.util.concurrent.ThreadPoolExecutor::beforeExecute (1 bytes)
Event: 184.180 Thread 0x00000224faedea60 nmethod 7932 0x00000224888bd410 code [0x00000224888bd5a0, 0x00000224888bd6b8]
Event: 185.557 Thread 0x00000224ffbe5fe0 7933       4       java.io.File::listFiles (52 bytes)
Event: 185.588 Thread 0x00000224ffbe5fe0 nmethod 7933 0x000002248f51b410 code [0x000002248f51b5e0, 0x000002248f51bd28]
Event: 186.183 Thread 0x00000224faedea60 7934       3       java.util.concurrent.locks.AbstractQueuedSynchronizer$Node::setPrevRelaxed (12 bytes)
Event: 186.185 Thread 0x00000224faedea60 nmethod 7934 0x00000224888bd790 code [0x00000224888bd920, 0x00000224888bda78]
Event: 186.185 Thread 0x00000224faedea60 7935       3       java.util.concurrent.locks.AbstractQueuedSynchronizer::casTail (13 bytes)
Event: 186.186 Thread 0x00000224faedea60 nmethod 7935 0x00000224888bdb10 code [0x00000224888bdca0, 0x00000224888bde18]
Event: 186.980 Thread 0x00000224faedea60 7936       3       java.util.concurrent.locks.LockSupport::parkNanos (29 bytes)
Event: 186.980 Thread 0x00000224faedea60 nmethod 7936 0x00000224888bde90 code [0x00000224888be060, 0x00000224888be268]
Event: 188.647 Thread 0x00000224ffbe5fe0 7937       4       org.springframework.boot.devtools.filewatch.DirectorySnapshot::collectFiles (99 bytes)

GC Heap History (20 events):
Event: 6.774 GC heap before
{Heap before GC invocations=14 (full 0):
 garbage-first heap   total 51200K, used 39812K [0x00000000c9000000, 0x0000000100000000)
  region size 1024K, 23 young (23552K), 1 survivors (1024K)
 Metaspace       used 29950K, committed 30272K, reserved 1081344K
  class space    used 3803K, committed 3968K, reserved 1048576K
}
Event: 6.776 GC heap after
{Heap after GC invocations=15 (full 0):
 garbage-first heap   total 51200K, used 18235K [0x00000000c9000000, 0x0000000100000000)
  region size 1024K, 1 young (1024K), 1 survivors (1024K)
 Metaspace       used 29950K, committed 30272K, reserved 1081344K
  class space    used 3803K, committed 3968K, reserved 1048576K
}
Event: 7.555 GC heap before
{Heap before GC invocations=15 (full 0):
 garbage-first heap   total 51200K, used 39739K [0x00000000c9000000, 0x0000000100000000)
  region size 1024K, 23 young (23552K), 1 survivors (1024K)
 Metaspace       used 33985K, committed 34368K, reserved 1081344K
  class space    used 4407K, committed 4608K, reserved 1048576K
}
Event: 7.561 GC heap after
{Heap after GC invocations=16 (full 0):
 garbage-first heap   total 108544K, used 19373K [0x00000000c9000000, 0x0000000100000000)
  region size 1024K, 2 young (2048K), 2 survivors (2048K)
 Metaspace       used 33985K, committed 34368K, reserved 1081344K
  class space    used 4407K, committed 4608K, reserved 1048576K
}
Event: 8.086 GC heap before
{Heap before GC invocations=16 (full 0):
 garbage-first heap   total 108544K, used 23469K [0x00000000c9000000, 0x0000000100000000)
  region size 1024K, 7 young (7168K), 2 survivors (2048K)
 Metaspace       used 35356K, committed 35648K, reserved 1081344K
  class space    used 4694K, committed 4864K, reserved 1048576K
}
Event: 8.088 GC heap after
{Heap after GC invocations=17 (full 0):
 garbage-first heap   total 108544K, used 19657K [0x00000000c9000000, 0x0000000100000000)
  region size 1024K, 2 young (2048K), 2 survivors (2048K)
 Metaspace       used 35356K, committed 35648K, reserved 1081344K
  class space    used 4694K, committed 4864K, reserved 1048576K
}
Event: 11.602 GC heap before
{Heap before GC invocations=18 (full 0):
 garbage-first heap   total 71680K, used 60617K [0x00000000c9000000, 0x0000000100000000)
  region size 1024K, 42 young (43008K), 2 survivors (2048K)
 Metaspace       used 45606K, committed 46016K, reserved 1089536K
  class space    used 6080K, committed 6272K, reserved 1048576K
}
Event: 11.611 GC heap after
{Heap after GC invocations=19 (full 0):
 garbage-first heap   total 71680K, used 22900K [0x00000000c9000000, 0x0000000100000000)
  region size 1024K, 6 young (6144K), 6 survivors (6144K)
 Metaspace       used 45606K, committed 46016K, reserved 1089536K
  class space    used 6080K, committed 6272K, reserved 1048576K
}
Event: 13.933 GC heap before
{Heap before GC invocations=19 (full 0):
 garbage-first heap   total 71680K, used 55668K [0x00000000c9000000, 0x0000000100000000)
  region size 1024K, 38 young (38912K), 6 survivors (6144K)
 Metaspace       used 50419K, committed 50816K, reserved 1097728K
  class space    used 6724K, committed 6912K, reserved 1048576K
}
Event: 13.942 GC heap after
{Heap after GC invocations=20 (full 0):
 garbage-first heap   total 71680K, used 24695K [0x00000000c9000000, 0x0000000100000000)
  region size 1024K, 3 young (3072K), 3 survivors (3072K)
 Metaspace       used 50419K, committed 50816K, reserved 1097728K
  class space    used 6724K, committed 6912K, reserved 1048576K
}
Event: 14.589 GC heap before
{Heap before GC invocations=20 (full 0):
 garbage-first heap   total 71680K, used 56439K [0x00000000c9000000, 0x0000000100000000)
  region size 1024K, 34 young (34816K), 3 survivors (3072K)
 Metaspace       used 51640K, committed 52032K, reserved 1097728K
  class space    used 6848K, committed 7040K, reserved 1048576K
}
Event: 14.593 GC heap after
{Heap after GC invocations=21 (full 0):
 garbage-first heap   total 71680K, used 25803K [0x00000000c9000000, 0x0000000100000000)
  region size 1024K, 4 young (4096K), 4 survivors (4096K)
 Metaspace       used 51640K, committed 52032K, reserved 1097728K
  class space    used 6848K, committed 7040K, reserved 1048576K
}
Event: 15.032 GC heap before
{Heap before GC invocations=21 (full 0):
 garbage-first heap   total 71680K, used 56523K [0x00000000c9000000, 0x0000000100000000)
  region size 1024K, 34 young (34816K), 4 survivors (4096K)
 Metaspace       used 52931K, committed 53376K, reserved 1097728K
  class space    used 7002K, committed 7232K, reserved 1048576K
}
Event: 15.037 GC heap after
{Heap after GC invocations=22 (full 0):
 garbage-first heap   total 71680K, used 26866K [0x00000000c9000000, 0x0000000100000000)
  region size 1024K, 3 young (3072K), 3 survivors (3072K)
 Metaspace       used 52931K, committed 53376K, reserved 1097728K
  class space    used 7002K, committed 7232K, reserved 1048576K
}
Event: 17.054 GC heap before
{Heap before GC invocations=22 (full 0):
 garbage-first heap   total 71680K, used 57586K [0x00000000c9000000, 0x0000000100000000)
  region size 1024K, 33 young (33792K), 3 survivors (3072K)
 Metaspace       used 56335K, committed 56768K, reserved 1097728K
  class space    used 7471K, committed 7680K, reserved 1048576K
}
Event: 17.064 GC heap after
{Heap after GC invocations=23 (full 0):
 garbage-first heap   total 71680K, used 30017K [0x00000000c9000000, 0x0000000100000000)
  region size 1024K, 5 young (5120K), 5 survivors (5120K)
 Metaspace       used 56335K, committed 56768K, reserved 1097728K
  class space    used 7471K, committed 7680K, reserved 1048576K
}
Event: 45.482 GC heap before
{Heap before GC invocations=23 (full 0):
 garbage-first heap   total 71680K, used 53569K [0x00000000c9000000, 0x0000000100000000)
  region size 1024K, 29 young (29696K), 5 survivors (5120K)
 Metaspace       used 59073K, committed 59520K, reserved 1105920K
  class space    used 7814K, committed 8064K, reserved 1048576K
}
Event: 45.575 GC heap after
{Heap after GC invocations=24 (full 0):
 garbage-first heap   total 71680K, used 31190K [0x00000000c9000000, 0x0000000100000000)
  region size 1024K, 2 young (2048K), 2 survivors (2048K)
 Metaspace       used 59073K, committed 59520K, reserved 1105920K
  class space    used 7814K, committed 8064K, reserved 1048576K
}
Event: 179.326 GC heap before
{Heap before GC invocations=25 (full 0):
 garbage-first heap   total 71680K, used 57814K [0x00000000c9000000, 0x0000000100000000)
  region size 1024K, 28 young (28672K), 2 survivors (2048K)
 Metaspace       used 61915K, committed 62464K, reserved 1105920K
  class space    used 8164K, committed 8448K, reserved 1048576K
}
Event: 179.410 GC heap after
{Heap after GC invocations=26 (full 0):
 garbage-first heap   total 71680K, used 33016K [0x00000000c9000000, 0x0000000100000000)
  region size 1024K, 4 young (4096K), 4 survivors (4096K)
 Metaspace       used 61915K, committed 62464K, reserved 1105920K
  class space    used 8164K, committed 8448K, reserved 1048576K
}

Deoptimization events (20 events):
Event: 46.062 Thread 0x000002249d87dfb0 DEOPT PACKING pc=0x000002248f2b49fc sp=0x0000002ee3ffce00
Event: 46.062 Thread 0x000002249d87dfb0 DEOPT UNPACKING pc=0x00000224876ed72e sp=0x0000002ee3ffcda0 mode 2
Event: 47.461 Thread 0x000002249d879ff0 Uncommon trap: trap_request=0xffffff45 fr.pc=0x000002248f2c0a5c relative=0x000000000000021c
Event: 47.461 Thread 0x000002249d879ff0 Uncommon trap: reason=unstable_if action=reinterpret pc=0x000002248f2c0a5c method=java.util.HashMap.getNode(Ljava/lang/Object;)Ljava/util/HashMap$Node; @ 131 c2
Event: 47.461 Thread 0x000002249d879ff0 DEOPT PACKING pc=0x000002248f2c0a5c sp=0x0000002ee45fc4d0
Event: 47.461 Thread 0x000002249d879ff0 DEOPT UNPACKING pc=0x00000224876ed72e sp=0x0000002ee45fc3f0 mode 2
Event: 47.611 Thread 0x000002249d879aa0 Uncommon trap: trap_request=0xffffff45 fr.pc=0x000002248f1e183c relative=0x000000000000017c
Event: 47.611 Thread 0x000002249d879aa0 Uncommon trap: reason=unstable_if action=reinterpret pc=0x000002248f1e183c method=java.util.concurrent.ConcurrentHashMap.addCount(JI)V @ 34 c2
Event: 47.611 Thread 0x000002249d879aa0 DEOPT PACKING pc=0x000002248f1e183c sp=0x0000002ee42fedd0
Event: 47.611 Thread 0x000002249d879aa0 DEOPT UNPACKING pc=0x00000224876ed72e sp=0x0000002ee42fed10 mode 2
Event: 47.612 Thread 0x000002249d87b530 Uncommon trap: trap_request=0xffffff45 fr.pc=0x000002248f26ac7c relative=0x000000000000023c
Event: 47.612 Thread 0x000002249d879aa0 Uncommon trap: trap_request=0xffffff45 fr.pc=0x000002248f26ac7c relative=0x000000000000023c
Event: 47.612 Thread 0x000002249d87b530 Uncommon trap: reason=unstable_if action=reinterpret pc=0x000002248f26ac7c method=java.lang.invoke.MethodType.equals(Ljava/lang/Object;)Z @ 11 c2
Event: 47.612 Thread 0x000002249d879aa0 Uncommon trap: reason=unstable_if action=reinterpret pc=0x000002248f26ac7c method=java.lang.invoke.MethodType.equals(Ljava/lang/Object;)Z @ 11 c2
Event: 47.612 Thread 0x000002249d87b530 DEOPT PACKING pc=0x000002248f26ac7c sp=0x0000002ee40fdf30
Event: 47.612 Thread 0x000002249d879aa0 DEOPT PACKING pc=0x000002248f26ac7c sp=0x0000002ee42fdd60
Event: 47.612 Thread 0x000002249d87b530 DEOPT UNPACKING pc=0x00000224876ed72e sp=0x0000002ee40fdef8 mode 2
Event: 47.612 Thread 0x000002249d879aa0 DEOPT UNPACKING pc=0x00000224876ed72e sp=0x0000002ee42fdd28 mode 2
Event: 51.911 Thread 0x000002249d87efa0 DEOPT PACKING pc=0x0000022487c76ecb sp=0x0000002ee48fd3d0
Event: 51.911 Thread 0x000002249d87efa0 DEOPT UNPACKING pc=0x00000224876edece sp=0x0000002ee48fc8f0 mode 0

Classes unloaded (0 events):
No events

Classes redefined (0 events):
No events

Internal exceptions (20 events):
Event: 16.654 Thread 0x0000022499b83b00 Exception <a 'java/lang/IncompatibleClassChangeError'{0x00000000cbfb3530}: Found class java.lang.Object, but interface was expected> (0x00000000cbfb3530) 
thrown [t:\workspace\open\src\hotspot\share\interpreter\linkResolver.cpp, line 857]
Event: 16.759 Thread 0x0000022499b83b00 Exception <a 'java/lang/NoSuchMethodError'{0x00000000cbd194b0}: 'int java.lang.invoke.DirectMethodHandle$Holder.invokeStaticInit(java.lang.Object, java.lang.Object, java.lang.Object, java.lang.Object)'> (0x00000000cbd194b0) 
thrown [t:\workspace\open\src\hotspot\share\interpreter\linkResolver.cpp, line 790]
Event: 17.016 Thread 0x0000022499b83b00 Exception <a 'java/lang/NoSuchMethodError'{0x00000000cb8ae5f0}: 'java.lang.Object java.lang.invoke.DirectMethodHandle$Holder.invokeSpecial(java.lang.Object, java.lang.Object, int, java.lang.Object, int, java.lang.Object)'> (0x00000000cb8ae5f0) 
thrown [t:\workspace\open\src\hotspot\share\interpreter\linkResolver.cpp, line 790]
Event: 17.017 Thread 0x0000022499b83b00 Exception <a 'java/lang/NoSuchMethodError'{0x00000000cb8b6c58}: 'java.lang.Object java.lang.invoke.DirectMethodHandle$Holder.newInvokeSpecial(java.lang.Object, java.lang.Object, int, java.lang.Object, int)'> (0x00000000cb8b6c58) 
thrown [t:\workspace\open\src\hotspot\share\interpreter\linkResolver.cpp, line 790]
Event: 17.017 Thread 0x0000022499b83b00 Exception <a 'java/lang/NoSuchMethodError'{0x00000000cb8bae68}: 'java.lang.Object java.lang.invoke.DirectMethodHandle$Holder.invokeSpecial(java.lang.Object, java.lang.Object, java.lang.Object, int, java.lang.Object, int)'> (0x00000000cb8bae68) 
thrown [t:\workspace\open\src\hotspot\share\interpreter\linkResolver.cpp, line 790]
Event: 17.020 Thread 0x0000022499b83b00 Exception <a 'java/lang/NoSuchMethodError'{0x00000000cb8c5318}: 'void java.lang.invoke.DirectMethodHandle$Holder.invokeVirtual(java.lang.Object, java.lang.Object)'> (0x00000000cb8c5318) 
thrown [t:\workspace\open\src\hotspot\share\interpreter\linkResolver.cpp, line 790]
Event: 17.835 Thread 0x0000022499b83b00 Exception <a 'java/lang/ClassNotFoundException'{0x00000000cccfb4a8}: tunel/tunel/entities/concretes/PhotoBeanInfo> (0x00000000cccfb4a8) 
thrown [t:\workspace\open\src\hotspot\share\classfile\systemDictionary.cpp, line 256]
Event: 17.835 Thread 0x0000022499b83b00 Exception <a 'java/lang/ClassNotFoundException'{0x00000000cccfce90}: java/lang/ObjectBeanInfo> (0x00000000cccfce90) 
thrown [t:\workspace\open\src\hotspot\share\classfile\systemDictionary.cpp, line 256]
Event: 17.837 Thread 0x0000022499b83b00 Exception <a 'java/lang/ClassNotFoundException'{0x00000000cccfe830}: java/lang/ObjectCustomizer> (0x00000000cccfe830) 
thrown [t:\workspace\open\src\hotspot\share\classfile\systemDictionary.cpp, line 256]
Event: 17.840 Thread 0x0000022499b83b00 Exception <a 'java/lang/ClassNotFoundException'{0x00000000ccb06860}: tunel/tunel/entities/concretes/PhotoCustomizer> (0x00000000ccb06860) 
thrown [t:\workspace\open\src\hotspot\share\classfile\systemDictionary.cpp, line 256]
Event: 17.860 Thread 0x0000022499b83b00 Exception <a 'java/lang/ClassNotFoundException'{0x00000000ccb460b8}: tunel/tunel/entities/concretes/ReferencesBeanInfo> (0x00000000ccb460b8) 
thrown [t:\workspace\open\src\hotspot\share\classfile\systemDictionary.cpp, line 256]
Event: 17.861 Thread 0x0000022499b83b00 Exception <a 'java/lang/ClassNotFoundException'{0x00000000ccb4a4b0}: tunel/tunel/entities/concretes/ReferencesCustomizer> (0x00000000ccb4a4b0) 
thrown [t:\workspace\open\src\hotspot\share\classfile\systemDictionary.cpp, line 256]
Event: 17.865 Thread 0x0000022499b83b00 Exception <a 'java/lang/ClassNotFoundException'{0x00000000ccb59d58}: java/util/ListBeanInfo> (0x00000000ccb59d58) 
thrown [t:\workspace\open\src\hotspot\share\classfile\systemDictionary.cpp, line 256]
Event: 17.865 Thread 0x0000022499b83b00 Exception <a 'java/lang/ClassNotFoundException'{0x00000000ccb5b6d0}: java/util/ListCustomizer> (0x00000000ccb5b6d0) 
thrown [t:\workspace\open\src\hotspot\share\classfile\systemDictionary.cpp, line 256]
Event: 17.881 Thread 0x0000022499b83b00 Exception <a 'java/lang/ClassNotFoundException'{0x00000000ccba4498}: tunel/tunel/entities/concretes/ProductBeanInfo> (0x00000000ccba4498) 
thrown [t:\workspace\open\src\hotspot\share\classfile\systemDictionary.cpp, line 256]
Event: 17.882 Thread 0x0000022499b83b00 Exception <a 'java/lang/ClassNotFoundException'{0x00000000ccba8758}: tunel/tunel/entities/concretes/ProductCustomizer> (0x00000000ccba8758) 
thrown [t:\workspace\open\src\hotspot\share\classfile\systemDictionary.cpp, line 256]
Event: 17.894 Thread 0x0000022499b83b00 Exception <a 'java/lang/ClassNotFoundException'{0x00000000ccbd4630}: tunel/tunel/entities/concretes/SiteFeaturesBeanInfo> (0x00000000ccbd4630) 
thrown [t:\workspace\open\src\hotspot\share\classfile\systemDictionary.cpp, line 256]
Event: 17.895 Thread 0x0000022499b83b00 Exception <a 'java/lang/ClassNotFoundException'{0x00000000ccbd8a68}: tunel/tunel/entities/concretes/SiteFeaturesCustomizer> (0x00000000ccbd8a68) 
thrown [t:\workspace\open\src\hotspot\share\classfile\systemDictionary.cpp, line 256]
Event: 17.909 Thread 0x0000022499b83b00 Exception <a 'java/lang/ClassNotFoundException'{0x00000000cca015b0}: tunel/tunel/entities/concretes/NewsNameBeanInfo> (0x00000000cca015b0) 
thrown [t:\workspace\open\src\hotspot\share\classfile\systemDictionary.cpp, line 256]
Event: 17.910 Thread 0x0000022499b83b00 Exception <a 'java/lang/ClassNotFoundException'{0x00000000cca05900}: tunel/tunel/entities/concretes/NewsNameCustomizer> (0x00000000cca05900) 
thrown [t:\workspace\open\src\hotspot\share\classfile\systemDictionary.cpp, line 256]

Events (20 events):
Event: 54.481 Executing  VM operation: Cleanup
Event: 54.481 Executing  VM operation: Cleanup done
Event: 57.497 Executing  VM operation: Cleanup
Event: 57.497 Executing  VM operation: Cleanup done
Event: 72.597 Executing  VM operation: Cleanup
Event: 72.598 Executing  VM operation: Cleanup done
Event: 83.675 Executing  VM operation: Cleanup
Event: 83.676 Executing  VM operation: Cleanup done
Event: 99.790 Executing  VM operation: Cleanup
Event: 99.790 Executing  VM operation: Cleanup done
Event: 115.926 Executing  VM operation: Cleanup
Event: 115.926 Executing  VM operation: Cleanup done
Event: 128.026 Executing  VM operation: Cleanup
Event: 128.026 Executing  VM operation: Cleanup done
Event: 150.161 Executing  VM operation: Cleanup
Event: 150.161 Executing  VM operation: Cleanup done
Event: 174.316 Executing  VM operation: Cleanup
Event: 174.317 Executing  VM operation: Cleanup done
Event: 179.326 Executing  VM operation: G1CollectForAllocation
Event: 179.410 Executing  VM operation: G1CollectForAllocation done


Dynamic libraries:
0x00007ff6937a0000 - 0x00007ff6937b0000 	D:\JDK 16 devoplemt Kit\bin\javaw.exe
0x00007ff9431d0000 - 0x00007ff9433c5000 	C:\Windows\SYSTEM32\ntdll.dll
0x00007ff9414c0000 - 0x00007ff94157d000 	C:\Windows\System32\KERNEL32.DLL
0x00007ff940b50000 - 0x00007ff940e19000 	C:\Windows\System32\KERNELBASE.dll
0x00007ff940f60000 - 0x00007ff941060000 	C:\Windows\System32\ucrtbase.dll
0x00007ff92e6d0000 - 0x00007ff92e6e8000 	D:\JDK 16 devoplemt Kit\bin\jli.dll
0x00007ff92cd00000 - 0x00007ff92cd19000 	D:\JDK 16 devoplemt Kit\bin\VCRUNTIME140.dll
0x00007ff9430e0000 - 0x00007ff94318c000 	C:\Windows\System32\ADVAPI32.dll
0x00007ff941ae0000 - 0x00007ff941b7e000 	C:\Windows\System32\msvcrt.dll
0x00007ff941a10000 - 0x00007ff941aab000 	C:\Windows\System32\sechost.dll
0x00007ff942fb0000 - 0x00007ff9430da000 	C:\Windows\System32\RPCRT4.dll
0x00007ff941b80000 - 0x00007ff941d20000 	C:\Windows\System32\USER32.dll
0x00007ff940f30000 - 0x00007ff940f52000 	C:\Windows\System32\win32u.dll
0x00007ff941ab0000 - 0x00007ff941ada000 	C:\Windows\System32\GDI32.dll
0x00007ff925630000 - 0x00007ff9258ca000 	C:\Windows\WinSxS\amd64_microsoft.windows.common-controls_6595b64144ccf1df_6.0.19041.1110_none_60b5254171f9507e\COMCTL32.dll
0x00007ff940910000 - 0x00007ff940a1b000 	C:\Windows\System32\gdi32full.dll
0x00007ff940a20000 - 0x00007ff940abd000 	C:\Windows\System32\msvcp_win.dll
0x00007ff936b30000 - 0x00007ff936b3a000 	C:\Windows\SYSTEM32\VERSION.dll
0x00007ff9423b0000 - 0x00007ff9423e0000 	C:\Windows\System32\IMM32.DLL
0x00007ff93b2b0000 - 0x00007ff93b2bc000 	D:\JDK 16 devoplemt Kit\bin\vcruntime140_1.dll
0x00007ff9108d0000 - 0x00007ff910961000 	D:\JDK 16 devoplemt Kit\bin\msvcp140.dll
0x00007ff904860000 - 0x00007ff90540b000 	D:\JDK 16 devoplemt Kit\bin\server\jvm.dll
0x00007ff9412f0000 - 0x00007ff9412f8000 	C:\Windows\System32\PSAPI.DLL
0x00007ff9226f0000 - 0x00007ff9226f9000 	C:\Windows\SYSTEM32\WSOCK32.dll
0x00007ff925490000 - 0x00007ff9254b7000 	C:\Windows\SYSTEM32\WINMM.dll
0x00007ff9423e0000 - 0x00007ff94244b000 	C:\Windows\System32\WS2_32.dll
0x00007ff93f220000 - 0x00007ff93f232000 	C:\Windows\SYSTEM32\kernel.appcore.dll
0x00007ff93aaa0000 - 0x00007ff93aaaa000 	D:\JDK 16 devoplemt Kit\bin\jimage.dll
0x00007ff93e720000 - 0x00007ff93e904000 	C:\Windows\SYSTEM32\DBGHELP.DLL
0x00007ff9399e0000 - 0x00007ff939a0c000 	C:\Windows\SYSTEM32\dbgcore.DLL
0x00007ff940ac0000 - 0x00007ff940b43000 	C:\Windows\System32\bcryptPrimitives.dll
0x00007ff9233d0000 - 0x00007ff9233f5000 	D:\JDK 16 devoplemt Kit\bin\java.dll
0x00007ff942710000 - 0x00007ff942e4f000 	C:\Windows\System32\SHELL32.dll
0x00007ff93ea20000 - 0x00007ff93f1b1000 	C:\Windows\SYSTEM32\windows.storage.dll
0x00007ff942050000 - 0x00007ff9423a5000 	C:\Windows\System32\combase.dll
0x00007ff9402b0000 - 0x00007ff9402dc000 	C:\Windows\SYSTEM32\Wldp.dll
0x00007ff941fa0000 - 0x00007ff94204e000 	C:\Windows\System32\SHCORE.dll
0x00007ff942450000 - 0x00007ff9424a5000 	C:\Windows\System32\shlwapi.dll
0x00007ff940850000 - 0x00007ff94086f000 	C:\Windows\SYSTEM32\profapi.dll
0x00007ff9207a0000 - 0x00007ff9207b9000 	D:\JDK 16 devoplemt Kit\bin\net.dll
0x00007ff936d90000 - 0x00007ff936e9a000 	C:\Windows\SYSTEM32\WINHTTP.dll
0x00007ff940010000 - 0x00007ff94007a000 	C:\Windows\system32\mswsock.dll
0x00007ff91eea0000 - 0x00007ff91eeb3000 	D:\JDK 16 devoplemt Kit\bin\nio.dll
0x00007ff922630000 - 0x00007ff922648000 	D:\JDK 16 devoplemt Kit\bin\zip.dll
0x00007ff937b60000 - 0x00007ff937b70000 	D:\JDK 16 devoplemt Kit\bin\verify.dll
0x00007ff93b9f0000 - 0x00007ff93b9f9000 	D:\JDK 16 devoplemt Kit\bin\management.dll
0x00007ff93b320000 - 0x00007ff93b32b000 	D:\JDK 16 devoplemt Kit\bin\management_ext.dll
0x00007ff93ba00000 - 0x00007ff93ba17000 	C:\Windows\system32\napinsp.dll
0x00007ff93ddf0000 - 0x00007ff93de0b000 	C:\Windows\system32\pnrpnsp.dll
0x00007ff914e80000 - 0x00007ff914e95000 	C:\Windows\system32\wshbth.dll
0x00007ff939ad0000 - 0x00007ff939aed000 	C:\Windows\system32\NLAapi.dll
0x00007ff93fd00000 - 0x00007ff93fd3b000 	C:\Windows\SYSTEM32\IPHLPAPI.DLL
0x00007ff93fd40000 - 0x00007ff93fe0c000 	C:\Windows\SYSTEM32\DNSAPI.dll
0x00007ff941da0000 - 0x00007ff941da8000 	C:\Windows\System32\NSI.dll
0x00007ff93dea0000 - 0x00007ff93deb2000 	C:\Windows\System32\winrnr.dll
0x00007ff935c30000 - 0x00007ff935c3a000 	C:\Windows\System32\rasadhlp.dll
0x00007ff936300000 - 0x00007ff93637f000 	C:\Windows\System32\fwpuclnt.dll
0x00007ff941060000 - 0x00007ff941087000 	C:\Windows\System32\bcrypt.dll
0x00007ff940200000 - 0x00007ff940218000 	C:\Windows\SYSTEM32\CRYPTSP.dll
0x00007ff93f9b0000 - 0x00007ff93f9e4000 	C:\Windows\system32\rsaenh.dll
0x00007ff9407d0000 - 0x00007ff9407fe000 	C:\Windows\SYSTEM32\USERENV.dll
0x00007ff9401f0000 - 0x00007ff9401fc000 	C:\Windows\SYSTEM32\CRYPTBASE.dll
0x00007ff937fe0000 - 0x00007ff937ff7000 	C:\Windows\SYSTEM32\dhcpcsvc6.DLL
0x00007ff938fc0000 - 0x00007ff938fdd000 	C:\Windows\SYSTEM32\dhcpcsvc.DLL
0x00007ff93b580000 - 0x00007ff93b58e000 	D:\JDK 16 devoplemt Kit\bin\sunmscapi.dll
0x00007ff941090000 - 0x00007ff9411ef000 	C:\Windows\System32\CRYPT32.dll
0x00007ff940320000 - 0x00007ff940347000 	C:\Windows\SYSTEM32\ncrypt.dll
0x00007ff9402e0000 - 0x00007ff94031b000 	C:\Windows\SYSTEM32\NTASN1.dll
0x00007ff937b30000 - 0x00007ff937b37000 	C:\Windows\system32\wshunix.dll

dbghelp: loaded successfully - version: 4.0.5 - missing functions: none
symbol engine: initialized successfully - sym options: 0x614 - pdb path: .;D:\JDK 16 devoplemt Kit\bin;C:\Windows\SYSTEM32;C:\Windows\WinSxS\amd64_microsoft.windows.common-controls_6595b64144ccf1df_6.0.19041.1110_none_60b5254171f9507e;D:\JDK 16 devoplemt Kit\bin\server

VM Arguments:
jvm_args: -Dfile.encoding=UTF-8 -XX:+ShowCodeDetailsInExceptionMessages 
java_command: tunel.tunel.TunelApplication
java_class_path (initial): E:\Serhat\YAZILIM\tunel\target\classes;C:\Users\Lenova\.m2\repository\org\springframework\boot\spring-boot-starter-data-jpa\2.5.3\spring-boot-starter-data-jpa-2.5.3.jar;C:\Users\Lenova\.m2\repository\org\springframework\boot\spring-boot-starter-aop\2.5.3\spring-boot-starter-aop-2.5.3.jar;C:\Users\Lenova\.m2\repository\org\springframework\spring-aop\5.3.9\spring-aop-5.3.9.jar;C:\Users\Lenova\.m2\repository\org\aspectj\aspectjweaver\1.9.7\aspectjweaver-1.9.7.jar;C:\Users\Lenova\.m2\repository\org\springframework\boot\spring-boot-starter-jdbc\2.5.3\spring-boot-starter-jdbc-2.5.3.jar;C:\Users\Lenova\.m2\repository\com\zaxxer\HikariCP\4.0.3\HikariCP-4.0.3.jar;C:\Users\Lenova\.m2\repository\org\springframework\spring-jdbc\5.3.9\spring-jdbc-5.3.9.jar;C:\Users\Lenova\.m2\repository\jakarta\transaction\jakarta.transaction-api\1.3.3\jakarta.transaction-api-1.3.3.jar;C:\Users\Lenova\.m2\repository\jakarta\persistence\jakarta.persistence-api\2.2.3\jakarta.persistence-api-2.2.3.jar;C:\Users\Lenova\.m2\repository\org\hibernate\hibernate-core\5.4.32.Final\hibernate-core-5.4.32.Final.jar;C:\Users\Lenova\.m2\repository\org\jboss\logging\jboss-logging\3.4.2.Final\jboss-logging-3.4.2.Final.jar;C:\Users\Lenova\.m2\repository\org\javassist\javassist\3.27.0-GA\javassist-3.27.0-GA.jar;C:\Users\Lenova\.m2\repository\net\bytebuddy\byte-buddy\1.10.22\byte-buddy-1.10.22.jar;C:\Users\Lenova\.m2\repository\antlr\antlr\2.7.7\antlr-2.7.7.jar;C:\Users\Lenova\.m2\repository\org\jboss\jandex\2.2.3.Final\jandex-2.2.3.Final.jar;C:\Users\Lenova\.m2\repository\org\dom4j\dom4j\2.1.3\dom4j-2.1.3.jar;C:\Users\Lenova\.m2\repository\org\hibernate\common\hibernate-commons-annotations\5.1.2.Final\hibernate-commons-annotations-5.1.2.Final.jar;C:\Users\Lenova\.m2\repository\org\glassfish\jaxb\jaxb-runtime\2.3.4\jaxb-runtime-2.3.4.jar;C:\Users\Lenova\.m2\repository\org\glassfish\jaxb\txw2\2.3.4\txw2-2.3.4.jar;C:\Users\Lenova\.m2\repository\com\sun\istack\istack-commons-runtime\3.0.12\
Launcher Type: SUN_STANDARD

[Global flags]
     intx CICompilerCount                          = 4                                         {product} {ergonomic}
     uint ConcGCThreads                            = 2                                         {product} {ergonomic}
     uint G1ConcRefinementThreads                  = 8                                         {product} {ergonomic}
   size_t G1HeapRegionSize                         = 1048576                                   {product} {ergonomic}
    uintx GCDrainStackTargetSize                   = 64                                        {product} {ergonomic}
   size_t InitialHeapSize                          = 58720256                                  {product} {ergonomic}
   size_t MarkStackSize                            = 4194304                                   {product} {ergonomic}
   size_t MaxHeapSize                              = 922746880                                 {product} {ergonomic}
   size_t MaxNewSize                               = 553648128                                 {product} {ergonomic}
   size_t MinHeapDeltaBytes                        = 1048576                                   {product} {ergonomic}
   size_t MinHeapSize                              = 8388608                                   {product} {ergonomic}
    uintx NonNMethodCodeHeapSize                   = 5839372                                {pd product} {ergonomic}
    uintx NonProfiledCodeHeapSize                  = 122909434                              {pd product} {ergonomic}
    uintx ProfiledCodeHeapSize                     = 122909434                              {pd product} {ergonomic}
    uintx ReservedCodeCacheSize                    = 251658240                              {pd product} {ergonomic}
     bool SegmentedCodeCache                       = true                                      {product} {ergonomic}
     bool ShowCodeDetailsInExceptionMessages       = true                                   {manageable} {command line}
   size_t SoftMaxHeapSize                          = 922746880                              {manageable} {ergonomic}
     bool UseCompressedClassPointers               = true                           {product lp64_product} {ergonomic}
     bool UseCompressedOops                        = true                           {product lp64_product} {ergonomic}
     bool UseG1GC                                  = true                                      {product} {ergonomic}
     bool UseLargePagesIndividualAllocation        = false                                  {pd product} {ergonomic}

Logging:
Log output configuration:
 #0: stdout all=warning uptime,level,tags
 #1: stderr all=off uptime,level,tags

Environment Variables:
PATH=C:\Program Files\Common Files\Oracle\Java\javapath;C:\Windows\system32;C:\Windows;C:\Windows\System32\Wbem;C:\Windows\System32\WindowsPowerShell\v1.0\;C:\Windows\System32\OpenSSH\;C:\Program Files\Microsoft SQL Server\Client SDK\ODBC\170\Tools\Binn\;C:\Program Files\nodejs\;D:\Git\Git\cmd;C:\Program Files (x86)\Microsoft SQL Server\150\Tools\Binn\;C:\Program Files\Microsoft SQL Server\150\Tools\Binn\;C:\Program Files\Microsoft SQL Server\150\DTS\Binn\;C:\Program Files\Microsoft SQL Server\Client SDK\ODBC\130\Tools\Binn\;C:\Program Files (x86)\Microsoft SQL Server\140\Tools\Binn\;C:\Program Files\Microsoft SQL Server\140\Tools\Binn\;C:\Program Files\Microsoft SQL Server\140\DTS\Binn\;C:\Program Files (x86)\Microsoft SQL Server\150\DTS\Binn\;C:\Program Files\dotnet\;C:\Program Files\Microsoft SQL Server\130\Tools\Binn\;C:\Program Files\Redis\;C:\Users\Lenova\AppData\Local\Microsoft\WindowsApps;C:\Users\Lenova\AppData\Roaming\npm;C:\Users\Lenova\AppData\Local\GitHubDesktop\bin;C:\Program Files\Azure Data Studio\bin;D:\Microsoft VS Code\Microsoft VS Code\bin;C:\Users\Lenova\.dotnet\tools;C:\Program Files\heroku\bin
USERNAME=Lenova
OS=Windows_NT
PROCESSOR_IDENTIFIER=Intel64 Family 6 Model 142 Stepping 10, GenuineIntel



---------------  S Y S T E M  ---------------

OS:
 Windows 10 , 64 bit Build 19041 (10.0.19041.1023)
OS uptime: 19 days 8:55 hours

CPU: total 8 (initial active 8) (4 cores per cpu, 2 threads per core) family 6 model 142 stepping 10 microcode 0xe0, cx8, cmov, fxsr, ht, mmx, 3dnowpref, sse, sse2, sse3, ssse3, sse4.1, sse4.2, popcnt, lzcnt, tsc, tscinvbit, avx, avx2, aes, erms, clmul, bmi1, bmi2, adx, fma, vzeroupper, clflush, clflushopt

Memory: 4k page, system-wide physical 3519M (159M free)
TotalPageFile size 14271M (AvailPageFile size 4M)
current process WorkingSet (physical memory assigned to process): 84M, peak: 236M
current process commit charge ("private bytes"): 284M, peak: 322M

vm_info: Java HotSpot(TM) 64-Bit Server VM (16.0.1+9-24) for windows-amd64 JRE (16.0.1+9-24), built on Mar 26 2021 19:31:42 by "mach5one" with MS VC++ 16.7 (VS2019)

END.
